<?xml version="1.0" encoding="UTF-8"?>
<coverage generated="1774205416887" clover="3.2.0">
  <project timestamp="1774205416887" name="All files">
    <metrics statements="54" coveredstatements="51" conditionals="11" coveredconditionals="10" methods="24" coveredmethods="21" elements="89" coveredelements="82" complexity="0" loc="54" ncloc="54" packages="3" files="8" classes="8"/>
    <package name="core.src">
      <metrics statements="27" coveredstatements="27" conditionals="4" coveredconditionals="4" methods="16" coveredmethods="16"/>
      <file name="container.ts" path="/Users/brenoepics/vite-tool/react-site-mapper/packages/core/src/container.ts">
        <metrics statements="15" coveredstatements="15" conditionals="2" coveredconditionals="2" methods="11" coveredmethods="11"/>
        <line num="7" count="1" type="stmt"/>
        <line num="27" count="7" type="stmt"/>
        <line num="33" count="7" type="stmt"/>
        <line num="42" count="11" type="cond" truecount="2" falsecount="0"/>
        <line num="43" count="1" type="stmt"/>
        <line num="46" count="10" type="stmt"/>
        <line num="53" count="6" type="stmt"/>
        <line num="61" count="1" type="stmt"/>
        <line num="68" count="2" type="stmt"/>
        <line num="75" count="1" type="stmt"/>
        <line num="82" count="2" type="stmt"/>
        <line num="89" count="1" type="stmt"/>
        <line num="96" count="2" type="stmt"/>
        <line num="103" count="1" type="stmt"/>
        <line num="110" count="1" type="stmt"/>
      </file>
      <file name="index.ts" path="/Users/brenoepics/vite-tool/react-site-mapper/packages/core/src/index.ts">
        <metrics statements="0" coveredstatements="0" conditionals="0" coveredconditionals="0" methods="0" coveredmethods="0"/>
      </file>
      <file name="interfaces.ts" path="/Users/brenoepics/vite-tool/react-site-mapper/packages/core/src/interfaces.ts">
        <metrics statements="0" coveredstatements="0" conditionals="0" coveredconditionals="0" methods="0" coveredmethods="0"/>
      </file>
      <file name="plugin-manager.ts" path="/Users/brenoepics/vite-tool/react-site-mapper/packages/core/src/plugin-manager.ts">
        <metrics statements="8" coveredstatements="8" conditionals="2" coveredconditionals="2" methods="5" coveredmethods="5"/>
        <line num="7" count="4" type="stmt"/>
        <line num="15" count="6" type="cond" truecount="2" falsecount="0"/>
        <line num="16" count="1" type="stmt"/>
        <line num="19" count="6" type="stmt"/>
        <line num="20" count="6" type="stmt"/>
        <line num="27" count="2" type="stmt"/>
        <line num="28" count="2" type="stmt"/>
        <line num="36" count="2" type="stmt"/>
      </file>
      <file name="types.ts" path="/Users/brenoepics/vite-tool/react-site-mapper/packages/core/src/types.ts">
        <metrics statements="4" coveredstatements="4" conditionals="0" coveredconditionals="0" methods="0" coveredmethods="0"/>
        <line num="4" count="1" type="stmt"/>
        <line num="14" count="1" type="stmt"/>
        <line num="24" count="1" type="stmt"/>
        <line num="185" count="1" type="stmt"/>
      </file>
    </package>
    <package name="crawler-puppeteer.src">
      <metrics statements="26" coveredstatements="23" conditionals="7" coveredconditionals="6" methods="7" coveredmethods="4"/>
      <file name="index.ts" path="/Users/brenoepics/vite-tool/react-site-mapper/packages/crawler-puppeteer/src/index.ts">
        <metrics statements="0" coveredstatements="0" conditionals="0" coveredconditionals="0" methods="0" coveredmethods="0"/>
      </file>
      <file name="puppeteer-crawler.ts" path="/Users/brenoepics/vite-tool/react-site-mapper/packages/crawler-puppeteer/src/puppeteer-crawler.ts">
        <metrics statements="26" coveredstatements="23" conditionals="7" coveredconditionals="6" methods="7" coveredmethods="4"/>
        <line num="12" count="3" type="cond" truecount="1" falsecount="0"/>
        <line num="18" count="3" type="stmt"/>
        <line num="19" count="3" type="stmt"/>
        <line num="20" count="3" type="stmt"/>
        <line num="23" count="3" type="stmt"/>
        <line num="24" count="3" type="stmt"/>
        <line num="25" count="3" type="stmt"/>
        <line num="26" count="3" type="stmt"/>
        <line num="27" count="3" type="stmt"/>
        <line num="29" count="3" type="stmt"/>
        <line num="35" count="3" type="stmt"/>
        <line num="44" count="3" type="stmt"/>
        <line num="45" count="3" type="stmt"/>
        <line num="47" count="1" type="stmt"/>
        <line num="51" count="1" type="stmt"/>
        <line num="54" count="2" type="stmt"/>
        <line num="55" count="0" type="stmt"/>
        <line num="56" count="0" type="stmt"/>
        <line num="57" count="0" type="stmt"/>
        <line num="62" count="3" type="stmt"/>
        <line num="64" count="3" type="stmt"/>
        <line num="65" count="9" type="stmt"/>
        <line num="67" count="9" type="cond" truecount="2" falsecount="0"/>
        <line num="68" count="3" type="stmt"/>
        <line num="71" count="6" type="stmt"/>
        <line num="77" count="3" type="stmt"/>
      </file>
    </package>
    <package name="utils.src">
      <metrics statements="1" coveredstatements="1" conditionals="0" coveredconditionals="0" methods="1" coveredmethods="1"/>
      <file name="index.ts" path="/Users/brenoepics/vite-tool/react-site-mapper/packages/utils/src/index.ts">
        <metrics statements="1" coveredstatements="1" conditionals="0" coveredconditionals="0" methods="1" coveredmethods="1"/>
        <line num="2" count="1" type="stmt"/>
      </file>
    </package>
  </project>
</coverage>
