{
  "/Users/brenoepics/vite-tool/react-site-mapper/packages/core/src/container.ts": {
    "path": "/Users/brenoepics/vite-tool/react-site-mapper/packages/core/src/container.ts",
    "statementMap": {
      "0": { "start": { "line": 7, "column": 28 }, "end": { "line": 12, "column": null } },
      "1": { "start": { "line": 27, "column": 30 }, "end": { "line": 27, "column": 56 } },
      "2": { "start": { "line": 33, "column": 4 }, "end": { "line": 33, "column": null } },
      "3": { "start": { "line": 42, "column": 4 }, "end": { "line": 43, "column": null } },
      "4": { "start": { "line": 43, "column": 6 }, "end": { "line": 43, "column": null } },
      "5": { "start": { "line": 46, "column": 4 }, "end": { "line": 46, "column": null } },
      "6": { "start": { "line": 53, "column": 4 }, "end": { "line": 53, "column": null } },
      "7": { "start": { "line": 61, "column": 2 }, "end": { "line": 61, "column": null } },
      "8": { "start": { "line": 68, "column": 2 }, "end": { "line": 68, "column": null } },
      "9": { "start": { "line": 75, "column": 2 }, "end": { "line": 75, "column": null } },
      "10": { "start": { "line": 82, "column": 2 }, "end": { "line": 82, "column": null } },
      "11": { "start": { "line": 89, "column": 2 }, "end": { "line": 89, "column": null } },
      "12": { "start": { "line": 96, "column": 2 }, "end": { "line": 96, "column": null } },
      "13": { "start": { "line": 103, "column": 2 }, "end": { "line": 103, "column": null } },
      "14": { "start": { "line": 110, "column": 2 }, "end": { "line": 110, "column": null } }
    },
    "fnMap": {
      "0": {
        "name": "(anonymous_0)",
        "decl": { "start": { "line": 32, "column": 2 }, "end": { "line": 32, "column": 14 } },
        "loc": { "start": { "line": 32, "column": 43 }, "end": { "line": 33, "column": null } },
        "line": 32
      },
      "1": {
        "name": "(anonymous_1)",
        "decl": { "start": { "line": 41, "column": 2 }, "end": { "line": 41, "column": 13 } },
        "loc": { "start": { "line": 41, "column": 29 }, "end": { "line": 46, "column": null } },
        "line": 41
      },
      "2": {
        "name": "(anonymous_2)",
        "decl": { "start": { "line": 52, "column": 2 }, "end": { "line": 52, "column": 6 } },
        "loc": { "start": { "line": 52, "column": 28 }, "end": { "line": 53, "column": null } },
        "line": 52
      },
      "3": {
        "name": "registerCrawler",
        "decl": { "start": { "line": 60, "column": 16 }, "end": { "line": 60, "column": 32 } },
        "loc": { "start": { "line": 60, "column": 78 }, "end": { "line": 61, "column": null } },
        "line": 60
      },
      "4": {
        "name": "resolveCrawler",
        "decl": { "start": { "line": 67, "column": 16 }, "end": { "line": 67, "column": 31 } },
        "loc": { "start": { "line": 67, "column": 62 }, "end": { "line": 68, "column": null } },
        "line": 67
      },
      "5": {
        "name": "registerAdapter",
        "decl": { "start": { "line": 74, "column": 16 }, "end": { "line": 74, "column": 32 } },
        "loc": { "start": { "line": 74, "column": 83 }, "end": { "line": 75, "column": null } },
        "line": 74
      },
      "6": {
        "name": "resolveAdapter",
        "decl": { "start": { "line": 81, "column": 16 }, "end": { "line": 81, "column": 31 } },
        "loc": { "start": { "line": 81, "column": 67 }, "end": { "line": 82, "column": null } },
        "line": 81
      },
      "7": {
        "name": "registerGenerator",
        "decl": { "start": { "line": 88, "column": 16 }, "end": { "line": 88, "column": 34 } },
        "loc": { "start": { "line": 88, "column": 84 }, "end": { "line": 89, "column": null } },
        "line": 88
      },
      "8": {
        "name": "resolveGenerator",
        "decl": { "start": { "line": 95, "column": 16 }, "end": { "line": 95, "column": 33 } },
        "loc": { "start": { "line": 95, "column": 66 }, "end": { "line": 96, "column": null } },
        "line": 95
      },
      "9": {
        "name": "registerConfig",
        "decl": { "start": { "line": 102, "column": 16 }, "end": { "line": 102, "column": 31 } },
        "loc": { "start": { "line": 102, "column": 79 }, "end": { "line": 103, "column": null } },
        "line": 102
      },
      "10": {
        "name": "resolveConfig",
        "decl": { "start": { "line": 109, "column": 16 }, "end": { "line": 109, "column": 30 } },
        "loc": { "start": { "line": 109, "column": 64 }, "end": { "line": 110, "column": null } },
        "line": 109
      }
    },
    "branchMap": {
      "0": {
        "loc": { "start": { "line": 42, "column": 4 }, "end": { "line": 43, "column": null } },
        "type": "if",
        "locations": [
          { "start": { "line": 42, "column": 4 }, "end": { "line": 43, "column": null } },
          { "start": {}, "end": {} }
        ],
        "line": 42
      }
    },
    "s": {
      "0": 1,
      "1": 7,
      "2": 7,
      "3": 11,
      "4": 1,
      "5": 10,
      "6": 6,
      "7": 1,
      "8": 2,
      "9": 1,
      "10": 2,
      "11": 1,
      "12": 2,
      "13": 1,
      "14": 1
    },
    "f": {
      "0": 7,
      "1": 11,
      "2": 6,
      "3": 1,
      "4": 2,
      "5": 1,
      "6": 2,
      "7": 1,
      "8": 2,
      "9": 1,
      "10": 1
    },
    "b": { "0": [1, 10] },
    "meta": {
      "lastBranch": 1,
      "lastFunction": 11,
      "lastStatement": 15,
      "seen": {
        "s:7:28:12:Infinity": 0,
        "s:27:30:27:56": 1,
        "f:32:2:32:14": 0,
        "s:33:4:33:Infinity": 2,
        "f:41:2:41:13": 1,
        "b:42:4:43:Infinity:undefined:undefined:undefined:undefined": 0,
        "s:42:4:43:Infinity": 3,
        "s:43:6:43:Infinity": 4,
        "s:46:4:46:Infinity": 5,
        "f:52:2:52:6": 2,
        "s:53:4:53:Infinity": 6,
        "f:60:16:60:32": 3,
        "s:61:2:61:Infinity": 7,
        "f:67:16:67:31": 4,
        "s:68:2:68:Infinity": 8,
        "f:74:16:74:32": 5,
        "s:75:2:75:Infinity": 9,
        "f:81:16:81:31": 6,
        "s:82:2:82:Infinity": 10,
        "f:88:16:88:34": 7,
        "s:89:2:89:Infinity": 11,
        "f:95:16:95:33": 8,
        "s:96:2:96:Infinity": 12,
        "f:102:16:102:31": 9,
        "s:103:2:103:Infinity": 13,
        "f:109:16:109:30": 10,
        "s:110:2:110:Infinity": 14
      }
    }
  },
  "/Users/brenoepics/vite-tool/react-site-mapper/packages/core/src/index.ts": {
    "path": "/Users/brenoepics/vite-tool/react-site-mapper/packages/core/src/index.ts",
    "statementMap": {},
    "fnMap": {},
    "branchMap": {},
    "s": {},
    "f": {},
    "b": {},
    "meta": { "lastBranch": 0, "lastFunction": 0, "lastStatement": 0, "seen": {} }
  },
  "/Users/brenoepics/vite-tool/react-site-mapper/packages/core/src/interfaces.ts": {
    "path": "/Users/brenoepics/vite-tool/react-site-mapper/packages/core/src/interfaces.ts",
    "statementMap": {},
    "fnMap": {},
    "branchMap": {},
    "s": {},
    "f": {},
    "b": {},
    "meta": { "lastBranch": 0, "lastFunction": 0, "lastStatement": 0, "seen": {} }
  },
  "/Users/brenoepics/vite-tool/react-site-mapper/packages/core/src/plugin-manager.ts": {
    "path": "/Users/brenoepics/vite-tool/react-site-mapper/packages/core/src/plugin-manager.ts",
    "statementMap": {
      "0": { "start": { "line": 7, "column": 39 }, "end": { "line": 7, "column": 41 } },
      "1": { "start": { "line": 15, "column": 4 }, "end": { "line": 16, "column": null } },
      "2": { "start": { "line": 15, "column": 48 }, "end": { "line": 15, "column": 86 } },
      "3": { "start": { "line": 16, "column": 6 }, "end": { "line": 16, "column": null } },
      "4": { "start": { "line": 19, "column": 4 }, "end": { "line": 19, "column": null } },
      "5": { "start": { "line": 20, "column": 4 }, "end": { "line": 20, "column": null } },
      "6": { "start": { "line": 27, "column": 4 }, "end": { "line": 28, "column": null } },
      "7": { "start": { "line": 28, "column": 6 }, "end": { "line": 28, "column": null } },
      "8": { "start": { "line": 36, "column": 4 }, "end": { "line": 36, "column": null } },
      "9": { "start": { "line": 36, "column": 40 }, "end": { "line": 36, "column": 52 } }
    },
    "fnMap": {
      "0": {
        "name": "(anonymous_0)",
        "decl": { "start": { "line": 14, "column": 2 }, "end": { "line": 14, "column": 6 } },
        "loc": { "start": { "line": 14, "column": 28 }, "end": { "line": 20, "column": null } },
        "line": 14
      },
      "1": {
        "name": "(anonymous_1)",
        "decl": { "start": { "line": 15, "column": 21 }, "end": { "line": 15, "column": 27 } },
        "loc": { "start": { "line": 15, "column": 48 }, "end": { "line": 15, "column": 86 } },
        "line": 15
      },
      "2": {
        "name": "(anonymous_2)",
        "decl": { "start": { "line": 26, "column": 2 }, "end": { "line": 26, "column": 11 } },
        "loc": { "start": { "line": 26, "column": 37 }, "end": { "line": 28, "column": null } },
        "line": 26
      },
      "3": {
        "name": "(anonymous_3)",
        "decl": { "start": { "line": 35, "column": 2 }, "end": { "line": 35, "column": 23 } },
        "loc": { "start": { "line": 35, "column": 23 }, "end": { "line": 36, "column": null } },
        "line": 35
      },
      "4": {
        "name": "(anonymous_4)",
        "decl": { "start": { "line": 36, "column": 24 }, "end": { "line": 36, "column": 29 } },
        "loc": { "start": { "line": 36, "column": 40 }, "end": { "line": 36, "column": 52 } },
        "line": 36
      }
    },
    "branchMap": {
      "0": {
        "loc": { "start": { "line": 15, "column": 4 }, "end": { "line": 16, "column": null } },
        "type": "if",
        "locations": [
          { "start": { "line": 15, "column": 4 }, "end": { "line": 16, "column": null } },
          { "start": {}, "end": {} }
        ],
        "line": 15
      }
    },
    "s": { "0": 4, "1": 6, "2": 3, "3": 1, "4": 6, "5": 6, "6": 2, "7": 2, "8": 2, "9": 2 },
    "f": { "0": 6, "1": 3, "2": 2, "3": 2, "4": 2 },
    "b": { "0": [1, 5] },
    "meta": {
      "lastBranch": 1,
      "lastFunction": 5,
      "lastStatement": 10,
      "seen": {
        "s:7:39:7:41": 0,
        "f:14:2:14:6": 0,
        "b:15:4:16:Infinity:undefined:undefined:undefined:undefined": 0,
        "s:15:4:16:Infinity": 1,
        "f:15:21:15:27": 1,
        "s:15:48:15:86": 2,
        "s:16:6:16:Infinity": 3,
        "s:19:4:19:Infinity": 4,
        "s:20:4:20:Infinity": 5,
        "f:26:2:26:11": 2,
        "s:27:4:28:Infinity": 6,
        "s:28:6:28:Infinity": 7,
        "f:35:2:35:23": 3,
        "s:36:4:36:Infinity": 8,
        "f:36:24:36:29": 4,
        "s:36:40:36:52": 9
      }
    }
  },
  "/Users/brenoepics/vite-tool/react-site-mapper/packages/core/src/types.ts": {
    "path": "/Users/brenoepics/vite-tool/react-site-mapper/packages/core/src/types.ts",
    "statementMap": {
      "0": { "start": { "line": 4, "column": 29 }, "end": { "line": 4, "column": null } },
      "1": { "start": { "line": 14, "column": 32 }, "end": { "line": 14, "column": null } },
      "2": { "start": { "line": 24, "column": 39 }, "end": { "line": 24, "column": null } },
      "3": { "start": { "line": 185, "column": 30 }, "end": { "line": 185, "column": null } }
    },
    "fnMap": {},
    "branchMap": {},
    "s": { "0": 1, "1": 1, "2": 1, "3": 1 },
    "f": {},
    "b": {},
    "meta": {
      "lastBranch": 0,
      "lastFunction": 0,
      "lastStatement": 4,
      "seen": {
        "s:4:29:4:Infinity": 0,
        "s:14:32:14:Infinity": 1,
        "s:24:39:24:Infinity": 2,
        "s:185:30:185:Infinity": 3
      }
    }
  },
  "/Users/brenoepics/vite-tool/react-site-mapper/packages/crawler-puppeteer/src/index.ts": {
    "path": "/Users/brenoepics/vite-tool/react-site-mapper/packages/crawler-puppeteer/src/index.ts",
    "statementMap": {},
    "fnMap": {},
    "branchMap": {},
    "s": {},
    "f": {},
    "b": {},
    "meta": { "lastBranch": 0, "lastFunction": 0, "lastStatement": 0, "seen": {} }
  },
  "/Users/brenoepics/vite-tool/react-site-mapper/packages/crawler-puppeteer/src/puppeteer-crawler.ts": {
    "path": "/Users/brenoepics/vite-tool/react-site-mapper/packages/crawler-puppeteer/src/puppeteer-crawler.ts",
    "statementMap": {
      "0": { "start": { "line": 12, "column": 31 }, "end": { "line": 12, "column": 66 } },
      "1": { "start": { "line": 18, "column": 22 }, "end": { "line": 18, "column": 32 } },
      "2": { "start": { "line": 19, "column": 18 }, "end": { "line": 19, "column": 35 } },
      "3": { "start": { "line": 20, "column": 33 }, "end": { "line": 20, "column": 35 } },
      "4": { "start": { "line": 23, "column": 4 }, "end": { "line": 35, "column": null } },
      "5": { "start": { "line": 24, "column": 6 }, "end": { "line": 24, "column": null } },
      "6": { "start": { "line": 25, "column": 19 }, "end": { "line": 25, "column": 42 } },
      "7": { "start": { "line": 26, "column": 20 }, "end": { "line": 26, "column": 67 } },
      "8": { "start": { "line": 27, "column": 21 }, "end": { "line": 27, "column": 55 } },
      "9": { "start": { "line": 29, "column": 6 }, "end": { "line": 33, "column": null } },
      "10": { "start": { "line": 35, "column": 6 }, "end": { "line": 35, "column": null } },
      "11": { "start": { "line": 44, "column": 4 }, "end": { "line": 51, "column": null } },
      "12": { "start": { "line": 45, "column": 6 }, "end": { "line": 45, "column": null } },
      "13": { "start": { "line": 47, "column": 6 }, "end": { "line": 50, "column": null } },
      "14": { "start": { "line": 51, "column": 6 }, "end": { "line": 51, "column": null } },
      "15": { "start": { "line": 54, "column": 4 }, "end": { "line": 58, "column": null } },
      "16": { "start": { "line": 55, "column": 6 }, "end": { "line": 57, "column": null } },
      "17": { "start": { "line": 56, "column": 25 }, "end": { "line": 56, "column": 37 } },
      "18": { "start": { "line": 57, "column": 26 }, "end": { "line": 57, "column": 49 } },
      "19": { "start": { "line": 62, "column": 19 }, "end": { "line": 62, "column": 43 } },
      "20": { "start": { "line": 64, "column": 4 }, "end": { "line": 74, "column": null } },
      "21": { "start": { "line": 65, "column": 18 }, "end": { "line": 65, "column": 31 } },
      "22": { "start": { "line": 67, "column": 6 }, "end": { "line": 68, "column": null } },
      "23": { "start": { "line": 68, "column": 8 }, "end": { "line": 68, "column": null } },
      "24": { "start": { "line": 71, "column": 6 }, "end": { "line": 74, "column": null } },
      "25": { "start": { "line": 77, "column": 4 }, "end": { "line": 77, "column": null } }
    },
    "fnMap": {
      "0": {
        "name": "(anonymous_0)",
        "decl": { "start": { "line": 12, "column": 2 }, "end": { "line": 12, "column": 14 } },
        "loc": { "start": { "line": 12, "column": 77 }, "end": { "line": 12, "column": 66 } },
        "line": 12
      },
      "1": {
        "name": "(anonymous_1)",
        "decl": { "start": { "line": 17, "column": 8 }, "end": { "line": 17, "column": 14 } },
        "loc": { "start": { "line": 17, "column": 78 }, "end": { "line": 35, "column": null } },
        "line": 17
      },
      "2": {
        "name": "(anonymous_2)",
        "decl": { "start": { "line": 39, "column": 16 }, "end": { "line": 39, "column": null } },
        "loc": { "start": { "line": 43, "column": 23 }, "end": { "line": 58, "column": null } },
        "line": 43
      },
      "3": {
        "name": "(anonymous_3)",
        "decl": { "start": { "line": 54, "column": 16 }, "end": { "line": 54, "column": 31 } },
        "loc": { "start": { "line": 54, "column": 31 }, "end": { "line": 58, "column": null } },
        "line": 54
      },
      "4": {
        "name": "(anonymous_4)",
        "decl": { "start": { "line": 56, "column": 9 }, "end": { "line": 56, "column": 14 } },
        "loc": { "start": { "line": 56, "column": 25 }, "end": { "line": 56, "column": 37 } },
        "line": 56
      },
      "5": {
        "name": "(anonymous_5)",
        "decl": { "start": { "line": 57, "column": 9 }, "end": { "line": 57, "column": 17 } },
        "loc": { "start": { "line": 57, "column": 26 }, "end": { "line": 57, "column": 49 } },
        "line": 57
      },
      "6": {
        "name": "(anonymous_6)",
        "decl": { "start": { "line": 61, "column": 2 }, "end": { "line": 61, "column": 10 } },
        "loc": { "start": { "line": 61, "column": 61 }, "end": { "line": 77, "column": null } },
        "line": 61
      }
    },
    "branchMap": {
      "0": {
        "loc": { "start": { "line": 12, "column": 14 }, "end": { "line": 12, "column": 77 } },
        "type": "default-arg",
        "locations": [
          { "start": { "line": 12, "column": 66 }, "end": { "line": 12, "column": 77 } }
        ],
        "line": 12
      },
      "1": {
        "loc": { "start": { "line": 31, "column": 16 }, "end": { "line": 31, "column": null } },
        "type": "cond-expr",
        "locations": [
          { "start": { "line": 31, "column": 36 }, "end": { "line": 31, "column": 45 } },
          { "start": { "line": 31, "column": 45 }, "end": { "line": 31, "column": null } }
        ],
        "line": 31
      },
      "2": {
        "loc": { "start": { "line": 49, "column": 17 }, "end": { "line": 49, "column": null } },
        "type": "cond-expr",
        "locations": [
          { "start": { "line": 49, "column": 42 }, "end": { "line": 49, "column": 58 } },
          { "start": { "line": 49, "column": 58 }, "end": { "line": 49, "column": null } }
        ],
        "line": 49
      },
      "3": {
        "loc": { "start": { "line": 67, "column": 6 }, "end": { "line": 68, "column": null } },
        "type": "if",
        "locations": [
          { "start": { "line": 67, "column": 6 }, "end": { "line": 68, "column": null } },
          { "start": {}, "end": {} }
        ],
        "line": 67
      }
    },
    "s": {
      "0": 3,
      "1": 3,
      "2": 3,
      "3": 3,
      "4": 3,
      "5": 3,
      "6": 3,
      "7": 3,
      "8": 3,
      "9": 3,
      "10": 3,
      "11": 3,
      "12": 3,
      "13": 1,
      "14": 1,
      "15": 2,
      "16": 0,
      "17": 0,
      "18": 0,
      "19": 3,
      "20": 3,
      "21": 9,
      "22": 9,
      "23": 3,
      "24": 6,
      "25": 3
    },
    "f": { "0": 3, "1": 3, "2": 3, "3": 0, "4": 0, "5": 0, "6": 3 },
    "b": { "0": [3], "1": [1, 2], "2": [1, 0], "3": [3, 6] },
    "meta": {
      "lastBranch": 4,
      "lastFunction": 7,
      "lastStatement": 26,
      "seen": {
        "f:12:2:12:14": 0,
        "b:12:66:12:77": 0,
        "s:12:31:12:66": 0,
        "f:17:8:17:14": 1,
        "s:18:22:18:32": 1,
        "s:19:18:19:35": 2,
        "s:20:33:20:35": 3,
        "s:23:4:35:Infinity": 4,
        "s:24:6:24:Infinity": 5,
        "s:25:19:25:42": 6,
        "s:26:20:26:67": 7,
        "s:27:21:27:55": 8,
        "s:29:6:33:Infinity": 9,
        "b:31:36:31:45:31:45:31:Infinity": 1,
        "s:35:6:35:Infinity": 10,
        "f:39:16:39:Infinity": 2,
        "s:44:4:51:Infinity": 11,
        "s:45:6:45:Infinity": 12,
        "s:47:6:50:Infinity": 13,
        "b:49:42:49:58:49:58:49:Infinity": 2,
        "s:51:6:51:Infinity": 14,
        "s:54:4:58:Infinity": 15,
        "f:54:16:54:31": 3,
        "s:55:6:57:Infinity": 16,
        "f:56:9:56:14": 4,
        "s:56:25:56:37": 17,
        "f:57:9:57:17": 5,
        "s:57:26:57:49": 18,
        "f:61:2:61:10": 6,
        "s:62:19:62:43": 19,
        "s:64:4:74:Infinity": 20,
        "s:65:18:65:31": 21,
        "b:67:6:68:Infinity:undefined:undefined:undefined:undefined": 3,
        "s:67:6:68:Infinity": 22,
        "s:68:8:68:Infinity": 23,
        "s:71:6:74:Infinity": 24,
        "s:77:4:77:Infinity": 25
      }
    }
  },
  "/Users/brenoepics/vite-tool/react-site-mapper/packages/utils/src/index.ts": {
    "path": "/Users/brenoepics/vite-tool/react-site-mapper/packages/utils/src/index.ts",
    "statementMap": {
      "0": { "start": { "line": 2, "column": 2 }, "end": { "line": 2, "column": null } }
    },
    "fnMap": {
      "0": {
        "name": "fn",
        "decl": { "start": { "line": 1, "column": 16 }, "end": { "line": 1, "column": 21 } },
        "loc": { "start": { "line": 1, "column": 21 }, "end": { "line": 2, "column": null } },
        "line": 1
      }
    },
    "branchMap": {},
    "s": { "0": 1 },
    "f": { "0": 1 },
    "b": {},
    "meta": {
      "lastBranch": 0,
      "lastFunction": 1,
      "lastStatement": 1,
      "seen": { "f:1:16:1:21": 0, "s:2:2:2:Infinity": 0 }
    }
  }
}
